Determining if the pthread_create exist failed with the following output:
Change Dir: /usr/src/crow-web-learn/crow_prj/build/CMakeFiles/CMakeTmp

Run Build Command:"/usr/bin/make" "cmTC_bd235/fast"
/usr/bin/make -f CMakeFiles/cmTC_bd235.dir/build.make CMakeFiles/cmTC_bd235.dir/build
make[1]: Entering directory '/usr/src/crow-web-learn/crow_prj/build/CMakeFiles/CMakeTmp'
Building C object CMakeFiles/cmTC_bd235.dir/CheckSymbolExists.c.o
/usr/bin/cc     -o CMakeFiles/cmTC_bd235.dir/CheckSymbolExists.c.o   -c /usr/src/crow-web-learn/crow_prj/build/CMakeFiles/CMakeTmp/CheckSymbolExists.c
Linking C executable cmTC_bd235
/usr/bin/cmake -E cmake_link_script CMakeFiles/cmTC_bd235.dir/link.txt --verbose=1
/usr/bin/cc       CMakeFiles/cmTC_bd235.dir/CheckSymbolExists.c.o  -o cmTC_bd235 
CMakeFiles/cmTC_bd235.dir/CheckSymbolExists.c.o: In function `main':
CheckSymbolExists.c:(.text+0x16): undefined reference to `pthread_create'
collect2: error: ld returned 1 exit status
CMakeFiles/cmTC_bd235.dir/build.make:97: recipe for target 'cmTC_bd235' failed
make[1]: *** [cmTC_bd235] Error 1
make[1]: Leaving directory '/usr/src/crow-web-learn/crow_prj/build/CMakeFiles/CMakeTmp'
Makefile:126: recipe for target 'cmTC_bd235/fast' failed
make: *** [cmTC_bd235/fast] Error 2

File /usr/src/crow-web-learn/crow_prj/build/CMakeFiles/CMakeTmp/CheckSymbolExists.c:
/* */
#include <pthread.h>

int main(int argc, char** argv)
{
  (void)argv;
#ifndef pthread_create
  return ((int*)(&pthread_create))[argc];
#else
  (void)argc;
  return 0;
#endif
}

Determining if the function pthread_create exists in the pthreads failed with the following output:
Change Dir: /usr/src/crow-web-learn/crow_prj/build/CMakeFiles/CMakeTmp

Run Build Command:"/usr/bin/make" "cmTC_b775c/fast"
/usr/bin/make -f CMakeFiles/cmTC_b775c.dir/build.make CMakeFiles/cmTC_b775c.dir/build
make[1]: Entering directory '/usr/src/crow-web-learn/crow_prj/build/CMakeFiles/CMakeTmp'
Building C object CMakeFiles/cmTC_b775c.dir/CheckFunctionExists.c.o
/usr/bin/cc    -DCHECK_FUNCTION_EXISTS=pthread_create   -o CMakeFiles/cmTC_b775c.dir/CheckFunctionExists.c.o   -c /usr/share/cmake-3.7/Modules/CheckFunctionExists.c
Linking C executable cmTC_b775c
/usr/bin/cmake -E cmake_link_script CMakeFiles/cmTC_b775c.dir/link.txt --verbose=1
/usr/bin/cc   -DCHECK_FUNCTION_EXISTS=pthread_create    CMakeFiles/cmTC_b775c.dir/CheckFunctionExists.c.o  -o cmTC_b775c -lpthreads 
/usr/bin/ld: cannot find -lpthreads
collect2: error: ld returned 1 exit status
CMakeFiles/cmTC_b775c.dir/build.make:97: recipe for target 'cmTC_b775c' failed
make[1]: *** [cmTC_b775c] Error 1
make[1]: Leaving directory '/usr/src/crow-web-learn/crow_prj/build/CMakeFiles/CMakeTmp'
Makefile:126: recipe for target 'cmTC_b775c/fast' failed
make: *** [cmTC_b775c/fast] Error 2


